
ASEM-51 V1.3                                         Copyright (c) 2002 by W.W. Heinz                                         PAGE 1





       MCS-51 Family Macro Assembler   A S E M - 5 1   V 1.3
       =====================================================



	Source File:	E:\KULIAH\Semester 5\Prak. Sismik\uts\uts.asm
	Object File:	E:\KULIAH\Semester 5\Prak. Sismik\uts\uts.hex
	List File:	E:\KULIAH\Semester 5\Prak. Sismik\uts\uts.lst



 Line  I  Addr  Code            Source

    1:				;PROGRAM DIGITAL IO SEDERHANA
    2:
    3:		N      0000		org 00h ;Program dimulai dari alamat 00
    4:
    5:	  0000	75 B0 00	MOV P3, #00000000B
    6:	  0003				MULAI:
    7:	  0003	75 B0 00		mov p3, #00h
    8:	  0006	30 A0 05		JNB P2.0, LED1 ;Jika P2.0 = 0, maka lompat ke label LED 1
    9:	  0009	30 A1 07	 	JNB P2.1, LED2 ;Jika P2.1 = 0, maka lompat ke label LED 2
   10:	  000C	80 F5		        SJMP MULAI
   11:
   12:	  000E	75 B0 0F	LED1: MOV P3, #00001111B
   13:				      ;MOV P3, #00H
   14:	  0011	80 F0		      SJMP MULAI
   15:
   16:	  0013	75 B0 F0	LED2: MOV P3, #11110000B
   17:				 	;MOV P3, #00H
   18:					;ACALL DELAY
   19:	  0016	80 EB		      SJMP MULAI
   20:
   21:				;DELAY : MOV r0, #6
   22:				      END





                     register banks used:  ---

                     no errors




ASEM-51 V1.3                                         Copyright (c) 2002 by W.W. Heinz                                         PAGE 2





	       L I S T   O F   S Y M B O L S
	       =============================


SYMBOL				  TYPE     VALUE	LINE
------------------------------------------------------------
??ASEM_51			  NUMBER    8051
??VERSION			  NUMBER    0130
AC				  BIT	      D6
ACC				  DATA	      E0
B				  DATA	      F0
CY				  BIT	      D7
DPH				  DATA	      83
DPL				  DATA	      82
EA				  BIT	      AF
ES				  BIT	      AC
ET0				  BIT	      A9
ET1				  BIT	      AB
EX0				  BIT	      A8
EX1				  BIT	      AA
EXTI0				  CODE	    0003
EXTI1				  CODE	    0013
F0				  BIT	      D5
IE				  DATA	      A8
IE0				  BIT	      89
IE1				  BIT	      8B
INT0				  BIT	      B2
INT1				  BIT	      B3
IP				  DATA	      B8
IT0				  BIT	      88
IT1				  BIT	      8A
LED1				  CODE	    000E	  12
LED2				  CODE	    0013	  16
MULAI				  CODE	    0003	   6
OV				  BIT	      D2
P				  BIT	      D0
P0				  DATA	      80
P1				  DATA	      90
P2				  DATA	      A0
P3				  DATA	      B0
PCON				  DATA	      87
PS				  BIT	      BC
PSW				  DATA	      D0
PT0				  BIT	      B9
PT1				  BIT	      BB
PX0				  BIT	      B8
PX1				  BIT	      BA
RB8				  BIT	      9A
RD				  BIT	      B7
REN				  BIT	      9C
RESET				  CODE	    0000
RI				  BIT	      98
RS0				  BIT	      D3
RS1				  BIT	      D4
RXD				  BIT	      B0
SBUF				  DATA	      99

ASEM-51 V1.3                                         Copyright (c) 2002 by W.W. Heinz                                         PAGE 3



SYMBOL				  TYPE     VALUE	LINE
------------------------------------------------------------
SCON				  DATA	      98
SINT				  CODE	    0023
SM0				  BIT	      9F
SM1				  BIT	      9E
SM2				  BIT	      9D
SP				  DATA	      81
T0				  BIT	      B4
T1				  BIT	      B5
TB8				  BIT	      9B
TCON				  DATA	      88
TF0				  BIT	      8D
TF1				  BIT	      8F
TH0				  DATA	      8C
TH1				  DATA	      8D
TI				  BIT	      99
TIMER0				  CODE	    000B
TIMER1				  CODE	    001B
TL0				  DATA	      8A
TL1				  DATA	      8B
TMOD				  DATA	      89
TR0				  BIT	      8C
TR1				  BIT	      8E
TXD				  BIT	      B1
WR				  BIT	      B6
